-------------------------------------------------------------------------------
Test set: com.StudentManagmentSystem.student.StudentApplicationTests
-------------------------------------------------------------------------------
Tests run: 1, Failures: 0, Errors: 1, Skipped: 0, Time elapsed: 0.171 s <<< FAILURE! - in com.StudentManagmentSystem.student.StudentApplicationTests
com.StudentManagmentSystem.student.StudentApplicationTests  Time elapsed: 0.17 s  <<< ERROR!
java.lang.IllegalStateException: Unable to find a @SpringBootConfiguration, you need to use @ContextConfiguration or @SpringBootTest(classes=...) with your test

